{"C:\\Users\\Usuario\\Desktop\\projeto-mylinks\\src\\middleware.ts": {"path":"C:\\Users\\Usuario\\Desktop\\projeto-mylinks\\src\\middleware.ts","statementMap":{"0":{"start":{"line":12,"column":21},"end":{"line":12,"column":null}},"1":{"start":{"line":14,"column":2},"end":{"line":15,"column":null}},"2":{"start":{"line":15,"column":4},"end":{"line":15,"column":null}},"3":{"start":{"line":18,"column":20},"end":{"line":18,"column":41}},"4":{"start":{"line":20,"column":2},"end":{"line":29,"column":null}},"5":{"start":{"line":22,"column":10},"end":{"line":22,"column":51}},"6":{"start":{"line":25,"column":4},"end":{"line":25,"column":null}},"7":{"start":{"line":27,"column":4},"end":{"line":27,"column":null}},"8":{"start":{"line":29,"column":4},"end":{"line":29,"column":null}}},"fnMap":{"0":{"name":"authMiddleware","decl":{"start":{"line":11,"column":16},"end":{"line":11,"column":31}},"loc":{"start":{"line":11,"column":80},"end":{"line":29,"column":null}},"line":11}},"branchMap":{"0":{"loc":{"start":{"line":14,"column":2},"end":{"line":15,"column":null}},"type":"if","locations":[{"start":{"line":14,"column":2},"end":{"line":15,"column":null}},{"start":{},"end":{}}],"line":14}},"s":{"0":8,"1":8,"2":1,"3":7,"4":7,"5":7,"6":7,"7":7,"8":1},"f":{"0":8},"b":{"0":[1,7]},"meta":{"lastBranch":1,"lastFunction":1,"lastStatement":9,"seen":{"f:11:16:11:31":0,"s:12:21:12:Infinity":0,"b:14:2:15:Infinity:undefined:undefined:undefined:undefined":0,"s:14:2:15:Infinity":1,"s:15:4:15:Infinity":2,"s:18:20:18:41":3,"s:20:2:29:Infinity":4,"s:22:10:22:51":5,"s:25:4:25:Infinity":6,"s:27:4:27:Infinity":7,"s:29:4:29:Infinity":8}}}
,"C:\\Users\\Usuario\\Desktop\\projeto-mylinks\\src\\server.ts": {"path":"C:\\Users\\Usuario\\Desktop\\projeto-mylinks\\src\\server.ts","statementMap":{"0":{"start":{"line":10,"column":0},"end":{"line":10,"column":null}},"1":{"start":{"line":12,"column":6},"end":{"line":12,"column":21}},"2":{"start":{"line":13,"column":0},"end":{"line":13,"column":null}},"3":{"start":{"line":14,"column":0},"end":{"line":14,"column":null}},"4":{"start":{"line":15,"column":15},"end":{"line":15,"column":33}},"5":{"start":{"line":16,"column":13},"end":{"line":16,"column":null}},"6":{"start":{"line":18,"column":0},"end":{"line":18,"column":null}},"7":{"start":{"line":20,"column":0},"end":{"line":22,"column":null}},"8":{"start":{"line":21,"column":2},"end":{"line":21,"column":null}},"9":{"start":{"line":28,"column":0},"end":{"line":70,"column":null}},"10":{"start":{"line":29,"column":27},"end":{"line":34,"column":4}},"11":{"start":{"line":36,"column":2},"end":{"line":68,"column":null}},"12":{"start":{"line":37,"column":44},"end":{"line":37,"column":76}},"13":{"start":{"line":39,"column":23},"end":{"line":39,"column":73}},"14":{"start":{"line":40,"column":4},"end":{"line":42,"column":null}},"15":{"start":{"line":41,"column":6},"end":{"line":41,"column":null}},"16":{"start":{"line":42,"column":6},"end":{"line":42,"column":null}},"17":{"start":{"line":45,"column":23},"end":{"line":45,"column":72}},"18":{"start":{"line":46,"column":4},"end":{"line":48,"column":null}},"19":{"start":{"line":47,"column":6},"end":{"line":47,"column":null}},"20":{"start":{"line":48,"column":6},"end":{"line":48,"column":null}},"21":{"start":{"line":51,"column":27},"end":{"line":51,"column":58}},"22":{"start":{"line":53,"column":4},"end":{"line":55,"column":null}},"23":{"start":{"line":57,"column":4},"end":{"line":57,"column":null}},"24":{"start":{"line":58,"column":4},"end":{"line":58,"column":null}},"25":{"start":{"line":61,"column":4},"end":{"line":61,"column":null}},"26":{"start":{"line":63,"column":4},"end":{"line":65,"column":null}},"27":{"start":{"line":64,"column":7},"end":{"line":64,"column":null}},"28":{"start":{"line":65,"column":7},"end":{"line":65,"column":null}},"29":{"start":{"line":67,"column":4},"end":{"line":67,"column":null}},"30":{"start":{"line":68,"column":4},"end":{"line":68,"column":null}},"31":{"start":{"line":72,"column":0},"end":{"line":113,"column":null}},"32":{"start":{"line":73,"column":22},"end":{"line":76,"column":4}},"33":{"start":{"line":78,"column":2},"end":{"line":111,"column":null}},"34":{"start":{"line":79,"column":32},"end":{"line":79,"column":59}},"35":{"start":{"line":81,"column":17},"end":{"line":81,"column":67}},"36":{"start":{"line":83,"column":4},"end":{"line":85,"column":null}},"37":{"start":{"line":84,"column":6},"end":{"line":84,"column":null}},"38":{"start":{"line":85,"column":6},"end":{"line":85,"column":null}},"39":{"start":{"line":88,"column":28},"end":{"line":88,"column":73}},"40":{"start":{"line":90,"column":4},"end":{"line":92,"column":null}},"41":{"start":{"line":91,"column":6},"end":{"line":91,"column":null}},"42":{"start":{"line":92,"column":6},"end":{"line":92,"column":null}},"43":{"start":{"line":95,"column":10},"end":{"line":95,"column":82}},"44":{"start":{"line":97,"column":4},"end":{"line":105,"column":null}},"45":{"start":{"line":106,"column":4},"end":{"line":106,"column":null}},"46":{"start":{"line":109,"column":4},"end":{"line":109,"column":null}},"47":{"start":{"line":110,"column":4},"end":{"line":110,"column":null}},"48":{"start":{"line":111,"column":4},"end":{"line":111,"column":null}},"49":{"start":{"line":116,"column":0},"end":{"line":140,"column":null}},"50":{"start":{"line":117,"column":2},"end":{"line":138,"column":null}},"51":{"start":{"line":118,"column":17},"end":{"line":121,"column":6}},"52":{"start":{"line":123,"column":4},"end":{"line":124,"column":null}},"53":{"start":{"line":124,"column":6},"end":{"line":124,"column":null}},"54":{"start":{"line":128,"column":4},"end":{"line":136,"column":null}},"55":{"start":{"line":138,"column":4},"end":{"line":138,"column":null}},"56":{"start":{"line":143,"column":0},"end":{"line":170,"column":null}},"57":{"start":{"line":144,"column":27},"end":{"line":146,"column":4}},"58":{"start":{"line":148,"column":2},"end":{"line":168,"column":null}},"59":{"start":{"line":150,"column":21},"end":{"line":150,"column":53}},"60":{"start":{"line":153,"column":17},"end":{"line":153,"column":null}},"61":{"start":{"line":156,"column":24},"end":{"line":162,"column":6}},"62":{"start":{"line":164,"column":4},"end":{"line":164,"column":null}},"63":{"start":{"line":167,"column":4},"end":{"line":167,"column":null}},"64":{"start":{"line":168,"column":4},"end":{"line":168,"column":null}},"65":{"start":{"line":176,"column":0},"end":{"line":200,"column":null}},"66":{"start":{"line":177,"column":27},"end":{"line":180,"column":4}},"67":{"start":{"line":182,"column":2},"end":{"line":198,"column":null}},"68":{"start":{"line":183,"column":27},"end":{"line":183,"column":59}},"69":{"start":{"line":185,"column":20},"end":{"line":191,"column":6}},"70":{"start":{"line":193,"column":4},"end":{"line":193,"column":null}},"71":{"start":{"line":194,"column":4},"end":{"line":194,"column":null}},"72":{"start":{"line":196,"column":4},"end":{"line":196,"column":null}},"73":{"start":{"line":197,"column":4},"end":{"line":197,"column":null}},"74":{"start":{"line":198,"column":4},"end":{"line":198,"column":null}},"75":{"start":{"line":202,"column":0},"end":{"line":208,"column":null}},"76":{"start":{"line":203,"column":16},"end":{"line":205,"column":4}},"77":{"start":{"line":206,"column":2},"end":{"line":206,"column":null}},"78":{"start":{"line":207,"column":2},"end":{"line":207,"column":null}},"79":{"start":{"line":210,"column":0},"end":{"line":227,"column":null}},"80":{"start":{"line":211,"column":21},"end":{"line":211,"column":null}},"81":{"start":{"line":213,"column":17},"end":{"line":218,"column":4}},"82":{"start":{"line":220,"column":2},"end":{"line":222,"column":null}},"83":{"start":{"line":221,"column":4},"end":{"line":221,"column":null}},"84":{"start":{"line":222,"column":4},"end":{"line":222,"column":null}},"85":{"start":{"line":225,"column":2},"end":{"line":225,"column":null}},"86":{"start":{"line":226,"column":2},"end":{"line":226,"column":null}},"87":{"start":{"line":234,"column":2},"end":{"line":250,"column":null}},"88":{"start":{"line":235,"column":21},"end":{"line":235,"column":null}},"89":{"start":{"line":237,"column":17},"end":{"line":243,"column":6}},"90":{"start":{"line":245,"column":4},"end":{"line":246,"column":null}},"91":{"start":{"line":246,"column":6},"end":{"line":246,"column":null}},"92":{"start":{"line":249,"column":4},"end":{"line":249,"column":null}},"93":{"start":{"line":253,"column":0},"end":{"line":271,"column":null}},"94":{"start":{"line":254,"column":17},"end":{"line":254,"column":null}},"95":{"start":{"line":256,"column":2},"end":{"line":269,"column":null}},"96":{"start":{"line":257,"column":4},"end":{"line":265,"column":null}},"97":{"start":{"line":266,"column":4},"end":{"line":266,"column":null}},"98":{"start":{"line":268,"column":4},"end":{"line":268,"column":null}},"99":{"start":{"line":269,"column":4},"end":{"line":269,"column":null}},"100":{"start":{"line":277,"column":0},"end":{"line":277,"column":null}},"101":{"start":{"line":280,"column":0},"end":{"line":283,"column":null}},"102":{"start":{"line":281,"column":2},"end":{"line":283,"column":null}},"103":{"start":{"line":282,"column":4},"end":{"line":282,"column":null}}},"fnMap":{"0":{"name":"(anonymous_0)","decl":{"start":{"line":20,"column":8},"end":{"line":20,"column":14}},"loc":{"start":{"line":20,"column":46},"end":{"line":22,"column":null}},"line":20},"1":{"name":"(anonymous_1)","decl":{"start":{"line":28,"column":19},"end":{"line":28,"column":26}},"loc":{"start":{"line":28,"column":39},"end":{"line":70,"column":null}},"line":28},"2":{"name":"(anonymous_2)","decl":{"start":{"line":72,"column":19},"end":{"line":72,"column":26}},"loc":{"start":{"line":72,"column":39},"end":{"line":113,"column":null}},"line":72},"3":{"name":"(anonymous_3)","decl":{"start":{"line":116,"column":37},"end":{"line":116,"column":44}},"loc":{"start":{"line":116,"column":57},"end":{"line":140,"column":null}},"line":116},"4":{"name":"(anonymous_4)","decl":{"start":{"line":143,"column":58},"end":{"line":143,"column":65}},"loc":{"start":{"line":143,"column":78},"end":{"line":170,"column":null}},"line":143},"5":{"name":"(anonymous_5)","decl":{"start":{"line":176,"column":35},"end":{"line":176,"column":42}},"loc":{"start":{"line":176,"column":55},"end":{"line":200,"column":null}},"line":176},"6":{"name":"(anonymous_6)","decl":{"start":{"line":202,"column":34},"end":{"line":202,"column":41}},"loc":{"start":{"line":202,"column":54},"end":{"line":208,"column":null}},"line":202},"7":{"name":"(anonymous_7)","decl":{"start":{"line":210,"column":45},"end":{"line":210,"column":52}},"loc":{"start":{"line":210,"column":65},"end":{"line":227,"column":null}},"line":210},"8":{"name":"(anonymous_8)","decl":{"start":{"line":234,"column":20},"end":{"line":234,"column":27}},"loc":{"start":{"line":234,"column":40},"end":{"line":250,"column":null}},"line":234},"9":{"name":"(anonymous_9)","decl":{"start":{"line":253,"column":29},"end":{"line":253,"column":36}},"loc":{"start":{"line":253,"column":49},"end":{"line":271,"column":null}},"line":253},"10":{"name":"(anonymous_10)","decl":{"start":{"line":281,"column":13},"end":{"line":281,"column":25}},"loc":{"start":{"line":281,"column":25},"end":{"line":283,"column":null}},"line":281}},"branchMap":{"0":{"loc":{"start":{"line":40,"column":4},"end":{"line":42,"column":null}},"type":"if","locations":[{"start":{"line":40,"column":4},"end":{"line":42,"column":null}},{"start":{},"end":{}}],"line":40},"1":{"loc":{"start":{"line":46,"column":4},"end":{"line":48,"column":null}},"type":"if","locations":[{"start":{"line":46,"column":4},"end":{"line":48,"column":null}},{"start":{},"end":{}}],"line":46},"2":{"loc":{"start":{"line":63,"column":4},"end":{"line":65,"column":null}},"type":"if","locations":[{"start":{"line":63,"column":4},"end":{"line":65,"column":null}},{"start":{},"end":{}}],"line":63},"3":{"loc":{"start":{"line":83,"column":4},"end":{"line":85,"column":null}},"type":"if","locations":[{"start":{"line":83,"column":4},"end":{"line":85,"column":null}},{"start":{},"end":{}}],"line":83},"4":{"loc":{"start":{"line":90,"column":4},"end":{"line":92,"column":null}},"type":"if","locations":[{"start":{"line":90,"column":4},"end":{"line":92,"column":null}},{"start":{},"end":{}}],"line":90},"5":{"loc":{"start":{"line":123,"column":4},"end":{"line":124,"column":null}},"type":"if","locations":[{"start":{"line":123,"column":4},"end":{"line":124,"column":null}},{"start":{},"end":{}}],"line":123},"6":{"loc":{"start":{"line":134,"column":15},"end":{"line":134,"column":null}},"type":"binary-expr","locations":[{"start":{"line":134,"column":15},"end":{"line":134,"column":29}},{"start":{"line":134,"column":29},"end":{"line":134,"column":null}}],"line":134},"7":{"loc":{"start":{"line":159,"column":14},"end":{"line":159,"column":null}},"type":"binary-expr","locations":[{"start":{"line":159,"column":14},"end":{"line":159,"column":22}},{"start":{"line":159,"column":22},"end":{"line":159,"column":null}}],"line":159},"8":{"loc":{"start":{"line":160,"column":19},"end":{"line":160,"column":null}},"type":"cond-expr","locations":[{"start":{"line":160,"column":26},"end":{"line":160,"column":38}},{"start":{"line":160,"column":38},"end":{"line":160,"column":null}}],"line":160},"9":{"loc":{"start":{"line":220,"column":2},"end":{"line":222,"column":null}},"type":"if","locations":[{"start":{"line":220,"column":2},"end":{"line":222,"column":null}},{"start":{},"end":{}}],"line":220},"10":{"loc":{"start":{"line":245,"column":4},"end":{"line":246,"column":null}},"type":"if","locations":[{"start":{"line":245,"column":4},"end":{"line":246,"column":null}},{"start":{},"end":{}}],"line":245},"11":{"loc":{"start":{"line":280,"column":0},"end":{"line":283,"column":null}},"type":"if","locations":[{"start":{"line":280,"column":0},"end":{"line":283,"column":null}},{"start":{},"end":{}}],"line":280}},"s":{"0":3,"1":3,"2":3,"3":3,"4":3,"5":3,"6":3,"7":3,"8":0,"9":3,"10":4,"11":4,"12":4,"13":4,"14":3,"15":0,"16":0,"17":3,"18":3,"19":0,"20":0,"21":3,"22":3,"23":3,"24":3,"25":1,"26":1,"27":1,"28":1,"29":0,"30":0,"31":3,"32":4,"33":4,"34":4,"35":4,"36":4,"37":1,"38":1,"39":3,"40":3,"41":1,"42":1,"43":2,"44":2,"45":2,"46":0,"47":0,"48":0,"49":3,"50":1,"51":1,"52":1,"53":0,"54":1,"55":0,"56":3,"57":0,"58":0,"59":0,"60":0,"61":0,"62":0,"63":0,"64":0,"65":3,"66":2,"67":2,"68":2,"69":2,"70":1,"71":1,"72":1,"73":1,"74":1,"75":3,"76":1,"77":1,"78":1,"79":3,"80":2,"81":2,"82":2,"83":1,"84":1,"85":1,"86":1,"87":3,"88":1,"89":1,"90":1,"91":0,"92":1,"93":3,"94":1,"95":1,"96":1,"97":1,"98":0,"99":0,"100":3,"101":3,"102":0,"103":0},"f":{"0":0,"1":4,"2":4,"3":1,"4":0,"5":2,"6":1,"7":2,"8":1,"9":1,"10":0},"b":{"0":[0,3],"1":[0,3],"2":[1,0],"3":[1,3],"4":[1,2],"5":[0,1],"6":[1,0],"7":[0,0],"8":[0,0],"9":[1,1],"10":[0,1],"11":[0,3]},"meta":{"lastBranch":12,"lastFunction":11,"lastStatement":104,"seen":{"s:10:0:10:Infinity":0,"s:12:6:12:21":1,"s:13:0:13:Infinity":2,"s:14:0:14:Infinity":3,"s:15:15:15:33":4,"s:16:13:16:Infinity":5,"s:18:0:18:Infinity":6,"s:20:0:22:Infinity":7,"f:20:8:20:14":0,"s:21:2:21:Infinity":8,"s:28:0:70:Infinity":9,"f:28:19:28:26":1,"s:29:27:34:4":10,"s:36:2:68:Infinity":11,"s:37:44:37:76":12,"s:39:23:39:73":13,"b:40:4:42:Infinity:undefined:undefined:undefined:undefined":0,"s:40:4:42:Infinity":14,"s:41:6:41:Infinity":15,"s:42:6:42:Infinity":16,"s:45:23:45:72":17,"b:46:4:48:Infinity:undefined:undefined:undefined:undefined":1,"s:46:4:48:Infinity":18,"s:47:6:47:Infinity":19,"s:48:6:48:Infinity":20,"s:51:27:51:58":21,"s:53:4:55:Infinity":22,"s:57:4:57:Infinity":23,"s:58:4:58:Infinity":24,"s:61:4:61:Infinity":25,"b:63:4:65:Infinity:undefined:undefined:undefined:undefined":2,"s:63:4:65:Infinity":26,"s:64:7:64:Infinity":27,"s:65:7:65:Infinity":28,"s:67:4:67:Infinity":29,"s:68:4:68:Infinity":30,"s:72:0:113:Infinity":31,"f:72:19:72:26":2,"s:73:22:76:4":32,"s:78:2:111:Infinity":33,"s:79:32:79:59":34,"s:81:17:81:67":35,"b:83:4:85:Infinity:undefined:undefined:undefined:undefined":3,"s:83:4:85:Infinity":36,"s:84:6:84:Infinity":37,"s:85:6:85:Infinity":38,"s:88:28:88:73":39,"b:90:4:92:Infinity:undefined:undefined:undefined:undefined":4,"s:90:4:92:Infinity":40,"s:91:6:91:Infinity":41,"s:92:6:92:Infinity":42,"s:95:10:95:82":43,"s:97:4:105:Infinity":44,"s:106:4:106:Infinity":45,"s:109:4:109:Infinity":46,"s:110:4:110:Infinity":47,"s:111:4:111:Infinity":48,"s:116:0:140:Infinity":49,"f:116:37:116:44":3,"s:117:2:138:Infinity":50,"s:118:17:121:6":51,"b:123:4:124:Infinity:undefined:undefined:undefined:undefined":5,"s:123:4:124:Infinity":52,"s:124:6:124:Infinity":53,"s:128:4:136:Infinity":54,"b:134:15:134:29:134:29:134:Infinity":6,"s:138:4:138:Infinity":55,"s:143:0:170:Infinity":56,"f:143:58:143:65":4,"s:144:27:146:4":57,"s:148:2:168:Infinity":58,"s:150:21:150:53":59,"s:153:17:153:Infinity":60,"s:156:24:162:6":61,"b:159:14:159:22:159:22:159:Infinity":7,"b:160:26:160:38:160:38:160:Infinity":8,"s:164:4:164:Infinity":62,"s:167:4:167:Infinity":63,"s:168:4:168:Infinity":64,"s:176:0:200:Infinity":65,"f:176:35:176:42":5,"s:177:27:180:4":66,"s:182:2:198:Infinity":67,"s:183:27:183:59":68,"s:185:20:191:6":69,"s:193:4:193:Infinity":70,"s:194:4:194:Infinity":71,"s:196:4:196:Infinity":72,"s:197:4:197:Infinity":73,"s:198:4:198:Infinity":74,"s:202:0:208:Infinity":75,"f:202:34:202:41":6,"s:203:16:205:4":76,"s:206:2:206:Infinity":77,"s:207:2:207:Infinity":78,"s:210:0:227:Infinity":79,"f:210:45:210:52":7,"s:211:21:211:Infinity":80,"s:213:17:218:4":81,"b:220:2:222:Infinity:undefined:undefined:undefined:undefined":9,"s:220:2:222:Infinity":82,"s:221:4:221:Infinity":83,"s:222:4:222:Infinity":84,"s:225:2:225:Infinity":85,"s:226:2:226:Infinity":86,"s:234:2:250:Infinity":87,"f:234:20:234:27":8,"s:235:21:235:Infinity":88,"s:237:17:243:6":89,"b:245:4:246:Infinity:undefined:undefined:undefined:undefined":10,"s:245:4:246:Infinity":90,"s:246:6:246:Infinity":91,"s:249:4:249:Infinity":92,"s:253:0:271:Infinity":93,"f:253:29:253:36":9,"s:254:17:254:Infinity":94,"s:256:2:269:Infinity":95,"s:257:4:265:Infinity":96,"s:266:4:266:Infinity":97,"s:268:4:268:Infinity":98,"s:269:4:269:Infinity":99,"s:277:0:277:Infinity":100,"b:280:0:283:Infinity:undefined:undefined:undefined:undefined":11,"s:280:0:283:Infinity":101,"s:281:2:283:Infinity":102,"f:281:13:281:25":10,"s:282:4:282:Infinity":103}}}
,"C:\\Users\\Usuario\\Desktop\\projeto-mylinks\\src\\config\\multer.ts": {"path":"C:\\Users\\Usuario\\Desktop\\projeto-mylinks\\src\\config\\multer.ts","statementMap":{"0":{"start":{"line":6,"column":0},"end":{"line":10,"column":null}},"1":{"start":{"line":13,"column":16},"end":{"line":19,"column":2}},"2":{"start":{"line":21,"column":13},"end":{"line":21,"column":null}}},"fnMap":{},"branchMap":{},"s":{"0":3,"1":3,"2":3},"f":{},"b":{},"meta":{"lastBranch":0,"lastFunction":0,"lastStatement":3,"seen":{"s:6:0:10:Infinity":0,"s:13:16:19:2":1,"s:21:13:21:Infinity":2}}}
}
